<?xml version="1.0" encoding="UTF-8"?>
<!-- Generated by org.testng.reporters.JUnitReportReporter -->
<testsuite hostname="DESKTOP-5A3OTB0" failures="0" tests="1" name="tests.SchemaTest" time="7.292" errors="0" timestamp="2025-05-02T13:27:57 IST" skipped="0">
  <testcase classname="tests.SchemaTest" name="verityAllUsersSchema" time="7.292"/>
</testsuite> <!-- tests.SchemaTest -->
