<?xml version="1.0" encoding="UTF-8"?>
<!-- Generated by org.testng.reporters.JUnitReportReporter -->
<testsuite hostname="DESKTOP-5A3OTB0" failures="0" tests="1" name="tests.ListOfUsers" time="7.583" errors="0" timestamp="2025-05-02T06:29:09 IST" skipped="0">
  <testcase classname="tests.ListOfUsers" name="verifyGetUsersFilteredJsonPath" time="7.583"/>
</testsuite> <!-- tests.ListOfUsers -->
