<?xml version="1.0" encoding="UTF-8"?>
<!-- Generated by org.testng.reporters.JUnitReportReporter -->
<testsuite hostname="DESKTOP-5A3OTB0" failures="0" tests="3" name="tests.UserTests" time="1.539" errors="0" timestamp="2025-05-12T10:23:59 IST" skipped="0">
  <testcase classname="tests.UserTests" name="verifyCreateUser" time="0.544"/>
  <testcase classname="tests.UserTests" name="verifyUserNotFound" time="0.499"/>
  <testcase classname="tests.UserTests" name="verifygetUser" time="0.496"/>
</testsuite> <!-- tests.UserTests -->
