<?xml version="1.0" encoding="UTF-8"?>
<!-- Generated by org.testng.reporters.JUnitReportReporter -->
<testsuite hostname="DESKTOP-5A3OTB0" failures="0" tests="1" name="tests.DeleteUserTest" time="0.629" errors="0" timestamp="2025-05-12T10:23:59 IST" skipped="0">
  <testcase classname="tests.DeleteUserTest" name="verifyDeleteUser" time="0.629"/>
</testsuite> <!-- tests.DeleteUserTest -->
