<?xml version="1.0" encoding="UTF-8"?>
<!-- Generated by org.testng.reporters.JUnitReportReporter -->
<testsuite hostname="DESKTOP-5A3OTB0" failures="0" tests="1" name="tests.AllUsers" time="6.427" errors="0" timestamp="2025-04-30T12:31:47 IST" skipped="0">
  <testcase classname="tests.AllUsers" name="verifyGetAllUsers" time="6.427"/>
</testsuite> <!-- tests.AllUsers -->
