<?xml version="1.0" encoding="UTF-8"?>
<!-- Generated by org.testng.reporters.JUnitReportReporter -->
<testsuite hostname="DESKTOP-5A3OTB0" failures="0" tests="2" name="tests.UpdateTest" time="1.484" errors="0" timestamp="2025-05-12T10:23:59 IST" skipped="0">
  <testcase classname="tests.UpdateTest" name="verifyUpdatePatch" time="0.948"/>
  <testcase classname="tests.UpdateTest" name="verifyUpdatePut" time="0.536"/>
</testsuite> <!-- tests.UpdateTest -->
