<?xml version="1.0" encoding="UTF-8"?>
<!-- Generated by org.testng.reporters.JUnitReportReporter -->
<testsuite hostname="DESKTOP-5A3OTB0" failures="0" tests="2" name="tests.ListOfUsers" time="2.507" errors="0" timestamp="2025-05-12T10:23:59 IST" skipped="0">
  <testcase classname="tests.ListOfUsers" name="verifyGetUsersFilteredJsonPath" time="1.962"/>
  <testcase classname="tests.ListOfUsers" name="verifyGetAllUsers" time="0.545"/>
</testsuite> <!-- tests.ListOfUsers -->
